Aug 30, 2022 5:46:59 PM org.util.TestSuiteGenerator_s main
INFO: testDir:/home/stg/omc_experiments/subjects/jsoup-1.10.1/src/test
Aug 30, 2022 5:46:59 PM org.util.TestSuiteGenerator_s main
INFO: newTestSuiteDir:/home/stg/omc_experiments/subjects/jsoup-1.10.1
Aug 30, 2022 5:46:59 PM org.util.TestSuiteGenerator_s main
INFO: total slices = total criteria = total assertions = 1645
Aug 30, 2022 5:46:59 PM org.util.TestSuiteGenerator_s main
INFO: total statement :6172
Aug 30, 2022 5:46:59 PM org.util.TestSuiteGenerator_s main
INFO: total executed statement :4506
Aug 30, 2022 5:47:05 PM org.util.TestSuiteGenerator_s main
INFO: selected_random_assertions: 0
Aug 30, 2022 5:47:05 PM org.util.TestSuiteGenerator_s main
INFO: disabled_assertion: 1645
Aug 30, 2022 5:47:05 PM org.util.TestSuiteGenerator_s printProjectOMCs
INFO: total checked : 0
Aug 30, 2022 5:47:09 PM org.util.TestSuiteGenerator_s main
INFO: selected_random_assertions: 16
Aug 30, 2022 5:47:09 PM org.util.TestSuiteGenerator_s main
INFO: disabled_assertion: 1629
Aug 30, 2022 5:47:10 PM org.util.TestSuiteGenerator_s printProjectOMCs
INFO: total checked : 776
Aug 30, 2022 5:47:13 PM org.util.TestSuiteGenerator_s main
INFO: selected_random_assertions: 32
Aug 30, 2022 5:47:13 PM org.util.TestSuiteGenerator_s main
INFO: disabled_assertion: 1613
Aug 30, 2022 5:47:13 PM org.util.TestSuiteGenerator_s printProjectOMCs
INFO: total checked : 829
Aug 30, 2022 5:47:18 PM org.util.TestSuiteGenerator_s main
INFO: selected_random_assertions: 82
Aug 30, 2022 5:47:18 PM org.util.TestSuiteGenerator_s main
INFO: disabled_assertion: 1563
Aug 30, 2022 5:47:19 PM org.util.TestSuiteGenerator_s printProjectOMCs
INFO: total checked : 1388
Aug 30, 2022 5:47:22 PM org.util.TestSuiteGenerator_s main
INFO: selected_random_assertions: 115
Aug 30, 2022 5:47:22 PM org.util.TestSuiteGenerator_s main
INFO: disabled_assertion: 1530
Aug 30, 2022 5:47:23 PM org.util.TestSuiteGenerator_s printProjectOMCs
INFO: total checked : 1451
Aug 30, 2022 5:47:26 PM org.util.TestSuiteGenerator_s main
INFO: selected_random_assertions: 164
Aug 30, 2022 5:47:26 PM org.util.TestSuiteGenerator_s main
INFO: disabled_assertion: 1481
Aug 30, 2022 5:47:27 PM org.util.TestSuiteGenerator_s printProjectOMCs
INFO: total checked : 1399
Aug 30, 2022 5:47:30 PM org.util.TestSuiteGenerator_s main
INFO: selected_random_assertions: 246
Aug 30, 2022 5:47:30 PM org.util.TestSuiteGenerator_s main
INFO: disabled_assertion: 1399
Aug 30, 2022 5:47:31 PM org.util.TestSuiteGenerator_s printProjectOMCs
INFO: total checked : 1662
Aug 30, 2022 5:47:35 PM org.util.TestSuiteGenerator_s main
INFO: selected_random_assertions: 329
Aug 30, 2022 5:47:35 PM org.util.TestSuiteGenerator_s main
INFO: disabled_assertion: 1316
Aug 30, 2022 5:47:36 PM org.util.TestSuiteGenerator_s printProjectOMCs
INFO: total checked : 1819
Aug 30, 2022 5:47:39 PM org.util.TestSuiteGenerator_s main
INFO: selected_random_assertions: 411
Aug 30, 2022 5:47:39 PM org.util.TestSuiteGenerator_s main
INFO: disabled_assertion: 1234
Aug 30, 2022 5:47:41 PM org.util.TestSuiteGenerator_s printProjectOMCs
INFO: total checked : 1835
Aug 30, 2022 5:47:43 PM org.util.TestSuiteGenerator_s main
INFO: selected_random_assertions: 493
Aug 30, 2022 5:47:43 PM org.util.TestSuiteGenerator_s main
INFO: disabled_assertion: 1152
Aug 30, 2022 5:47:46 PM org.util.TestSuiteGenerator_s printProjectOMCs
INFO: total checked : 1933
Aug 30, 2022 5:47:48 PM org.util.TestSuiteGenerator_s main
INFO: selected_random_assertions: 740
Aug 30, 2022 5:47:48 PM org.util.TestSuiteGenerator_s main
INFO: disabled_assertion: 905
Aug 30, 2022 5:47:52 PM org.util.TestSuiteGenerator_s printProjectOMCs
INFO: total checked : 2069
Aug 30, 2022 5:47:53 PM org.util.TestSuiteGenerator_s main
INFO: selected_random_assertions: 904
Aug 30, 2022 5:47:53 PM org.util.TestSuiteGenerator_s main
INFO: disabled_assertion: 741
Aug 30, 2022 5:47:57 PM org.util.TestSuiteGenerator_s printProjectOMCs
INFO: total checked : 2068
Aug 30, 2022 5:47:59 PM org.util.TestSuiteGenerator_s main
INFO: selected_random_assertions: 1069
Aug 30, 2022 5:47:59 PM org.util.TestSuiteGenerator_s main
INFO: disabled_assertion: 576
Aug 30, 2022 5:48:04 PM org.util.TestSuiteGenerator_s printProjectOMCs
INFO: total checked : 2152
Aug 30, 2022 5:48:05 PM org.util.TestSuiteGenerator_s main
INFO: selected_random_assertions: 1233
Aug 30, 2022 5:48:05 PM org.util.TestSuiteGenerator_s main
INFO: disabled_assertion: 412
Aug 30, 2022 5:48:10 PM org.util.TestSuiteGenerator_s printProjectOMCs
INFO: total checked : 2190
Aug 30, 2022 5:48:10 PM org.util.TestSuiteGenerator_s main
INFO: selected_random_assertions: 1645
Aug 30, 2022 5:48:10 PM org.util.TestSuiteGenerator_s main
INFO: disabled_assertion: 0
Aug 30, 2022 5:48:18 PM org.util.TestSuiteGenerator_s printProjectOMCs
INFO: total checked : 2240
