Jan 12, 2023 10:01:08 PM obcc.OBCC main
INFO: total slices = total criteria = total assertions = 1238
Jan 12, 2023 10:01:09 PM obcc.OBCC printOBCC
INFO: Total condition covered: 903
Jan 12, 2023 10:01:09 PM obcc.OBCC printOBCC
WARNING: com.thoughtworks.acceptance.objects.Product class not found in the jacoco report report
Jan 12, 2023 10:01:09 PM obcc.OBCC printOBCC
WARNING: com.thoughtworks.acceptance.MultipleObjectsInOneStreamTest$ReusingReferenceByIdMarshallingStrategy class not found in the jacoco report report
Jan 12, 2023 10:01:09 PM obcc.OBCC printOBCC
INFO: successfully generate per class coverage for object branch!
Jan 12, 2023 10:01:09 PM obcc.OBCC printOBCC
WARNING: com.thoughtworks.acceptance.MultipleObjectsInOneStreamTest$ReusingReferenceByIdMarshallingStrategy.marshal not found in the jacoco report
Jan 12, 2023 10:01:09 PM obcc.OBCC printOBCC
WARNING: com.thoughtworks.acceptance.objects.Product.toString not found in the jacoco report
Jan 12, 2023 10:01:09 PM obcc.OBCC printOBCC
WARNING: com.thoughtworks.acceptance.MultipleObjectsInOneStreamTest$ReusingReferenceByIdMarshallingStrategy.unmarshal not found in the jacoco report
Jan 12, 2023 10:01:09 PM obcc.OBCC printOBCC
INFO: successfully generate per method coverage for object branch!
Jan 12, 2023 10:01:09 PM obcc.OBCC main
INFO: OBC :72.03507152745732
Jan 12, 2023 10:01:09 PM obcc.OBCC main
INFO: OBCC :20.835256114443933
