Aug 30, 2022 4:28:49 PM org.util.TestSuiteGenerator_s main
INFO: testDir:/home/stg/omc_experiments/subjects/commons-csv/src/test
Aug 30, 2022 4:28:49 PM org.util.TestSuiteGenerator_s main
INFO: newTestSuiteDir:/home/stg/omc_experiments/subjects/commons-csv
Aug 30, 2022 4:28:49 PM org.util.TestSuiteGenerator_s main
INFO: total slices = total criteria = total assertions = 898
Aug 30, 2022 4:28:49 PM org.util.TestSuiteGenerator_s main
INFO: total statement :748
Aug 30, 2022 4:28:49 PM org.util.TestSuiteGenerator_s main
INFO: total executed statement :688
Aug 30, 2022 4:28:54 PM org.util.TestSuiteGenerator_s main
INFO: selected_random_assertions: 0
Aug 30, 2022 4:28:54 PM org.util.TestSuiteGenerator_s main
INFO: disabled_assertion: 898
Aug 30, 2022 4:28:54 PM org.util.TestSuiteGenerator_s printProjectOMCs
INFO: total checked : 0
Aug 30, 2022 4:28:57 PM org.util.TestSuiteGenerator_s main
INFO: selected_random_assertions: 8
Aug 30, 2022 4:28:57 PM org.util.TestSuiteGenerator_s main
INFO: disabled_assertion: 890
Aug 30, 2022 4:28:57 PM org.util.TestSuiteGenerator_s printProjectOMCs
INFO: total checked : 93
Aug 30, 2022 4:29:03 PM org.util.TestSuiteGenerator_s main
INFO: selected_random_assertions: 17
Aug 30, 2022 4:29:03 PM org.util.TestSuiteGenerator_s main
INFO: disabled_assertion: 881
Aug 30, 2022 4:29:03 PM org.util.TestSuiteGenerator_s printProjectOMCs
INFO: total checked : 163
Aug 30, 2022 4:29:06 PM org.util.TestSuiteGenerator_s main
INFO: selected_random_assertions: 44
Aug 30, 2022 4:29:06 PM org.util.TestSuiteGenerator_s main
INFO: disabled_assertion: 854
Aug 30, 2022 4:29:06 PM org.util.TestSuiteGenerator_s printProjectOMCs
INFO: total checked : 202
Aug 30, 2022 4:29:11 PM org.util.TestSuiteGenerator_s main
INFO: selected_random_assertions: 62
Aug 30, 2022 4:29:11 PM org.util.TestSuiteGenerator_s main
INFO: disabled_assertion: 836
Aug 30, 2022 4:29:11 PM org.util.TestSuiteGenerator_s printProjectOMCs
INFO: total checked : 208
Aug 30, 2022 4:29:14 PM org.util.TestSuiteGenerator_s main
INFO: selected_random_assertions: 89
Aug 30, 2022 4:29:14 PM org.util.TestSuiteGenerator_s main
INFO: disabled_assertion: 809
Aug 30, 2022 4:29:14 PM org.util.TestSuiteGenerator_s printProjectOMCs
INFO: total checked : 270
Aug 30, 2022 4:29:17 PM org.util.TestSuiteGenerator_s main
INFO: selected_random_assertions: 134
Aug 30, 2022 4:29:17 PM org.util.TestSuiteGenerator_s main
INFO: disabled_assertion: 764
Aug 30, 2022 4:29:17 PM org.util.TestSuiteGenerator_s printProjectOMCs
INFO: total checked : 269
Aug 30, 2022 4:29:19 PM org.util.TestSuiteGenerator_s main
INFO: selected_random_assertions: 179
Aug 30, 2022 4:29:19 PM org.util.TestSuiteGenerator_s main
INFO: disabled_assertion: 719
Aug 30, 2022 4:29:19 PM org.util.TestSuiteGenerator_s printProjectOMCs
INFO: total checked : 234
Aug 30, 2022 4:29:22 PM org.util.TestSuiteGenerator_s main
INFO: selected_random_assertions: 224
Aug 30, 2022 4:29:22 PM org.util.TestSuiteGenerator_s main
INFO: disabled_assertion: 674
Aug 30, 2022 4:29:22 PM org.util.TestSuiteGenerator_s printProjectOMCs
INFO: total checked : 275
Aug 30, 2022 4:29:24 PM org.util.TestSuiteGenerator_s main
INFO: selected_random_assertions: 269
Aug 30, 2022 4:29:24 PM org.util.TestSuiteGenerator_s main
INFO: disabled_assertion: 629
Aug 30, 2022 4:29:24 PM org.util.TestSuiteGenerator_s printProjectOMCs
INFO: total checked : 272
Aug 30, 2022 4:29:26 PM org.util.TestSuiteGenerator_s main
INFO: selected_random_assertions: 404
Aug 30, 2022 4:29:26 PM org.util.TestSuiteGenerator_s main
INFO: disabled_assertion: 494
Aug 30, 2022 4:29:27 PM org.util.TestSuiteGenerator_s printProjectOMCs
INFO: total checked : 321
Aug 30, 2022 4:29:28 PM org.util.TestSuiteGenerator_s main
INFO: selected_random_assertions: 493
Aug 30, 2022 4:29:28 PM org.util.TestSuiteGenerator_s main
INFO: disabled_assertion: 405
Aug 30, 2022 4:29:29 PM org.util.TestSuiteGenerator_s printProjectOMCs
INFO: total checked : 306
Aug 30, 2022 4:29:30 PM org.util.TestSuiteGenerator_s main
INFO: selected_random_assertions: 583
Aug 30, 2022 4:29:30 PM org.util.TestSuiteGenerator_s main
INFO: disabled_assertion: 315
Aug 30, 2022 4:29:31 PM org.util.TestSuiteGenerator_s printProjectOMCs
INFO: total checked : 321
Aug 30, 2022 4:29:32 PM org.util.TestSuiteGenerator_s main
INFO: selected_random_assertions: 673
Aug 30, 2022 4:29:32 PM org.util.TestSuiteGenerator_s main
INFO: disabled_assertion: 225
Aug 30, 2022 4:29:32 PM org.util.TestSuiteGenerator_s printProjectOMCs
INFO: total checked : 364
Aug 30, 2022 4:29:33 PM org.util.TestSuiteGenerator_s main
INFO: selected_random_assertions: 898
Aug 30, 2022 4:29:33 PM org.util.TestSuiteGenerator_s main
INFO: disabled_assertion: 0
Aug 30, 2022 4:29:34 PM org.util.TestSuiteGenerator_s printProjectOMCs
INFO: total checked : 367
